<?xml version="1.0" encoding="UTF-8"?>
<!-- Generated by org.testng.reporters.JUnitXMLReporter -->
<testsuite ignored="0" hostname="DESKTOP-S3RV3MH" failures="0" tests="2" name="chrome" time="263.748" errors="0" timestamp="2022-03-04T12:06:54 IST">
  <testcase classname="com.Vtiger.TC.TC001_CreateOrganazation_Test" name="Create_organization_Test" time="63.649"/>
  <testcase classname="com.Vtiger.TC.TC001_CreateOrganazation_Test" name="create_organization_Test" time="14.171"/>
</testsuite> <!-- chrome -->
