<?xml version="1.0" encoding="UTF-8"?>
<!-- Generated by org.testng.reporters.JUnitXMLReporter -->
<testsuite ignored="0" hostname="DESKTOP-S3RV3MH" failures="0" tests="1" name="firefox" time="9.768" errors="0" timestamp="2022-03-04T12:07:04 IST">
  <testcase classname="com.erp.Vtiger.Base_Class" name="@BeforeClass Open_Browser" time="9.644">
    <failure type="org.openqa.selenium.SessionNotCreatedException" message="Could not start a new session. Response code 500. Message: Process unexpectedly closed with status 0
Build info: version: &amp;apos;4.1.2&amp;apos;, revision: &amp;apos;9a5a329c5a&amp;apos;
System info: host: &amp;apos;DESKTOP-S3RV3MH&amp;apos;, ip: &amp;apos;192.168.75.245&amp;apos;, os.name: &amp;apos;Windows 10&amp;apos;, os.arch: &amp;apos;amd64&amp;apos;, os.version: &amp;apos;10.0&amp;apos;, java.version: &amp;apos;11.0.12&amp;apos;
Driver info: org.openqa.selenium.firefox.FirefoxDriver
Command: [null, newSession {capabilities=[Capabilities {acceptInsecureCerts: true, browserName: firefox, moz:debuggerAddress: true, moz:firefoxOptions: {}}], desiredCapabilities=Capabilities {acceptInsecureCerts: true, browserName: firefox, moz:debuggerAddress: true, moz:firefoxOptions: {}}}]">
      <![CDATA[org.openqa.selenium.SessionNotCreatedException: Could not start a new session. Response code 500. Message: Process unexpectedly closed with status 0
Build info: version: '4.1.2', revision: '9a5a329c5a'
System info: host: 'DESKTOP-S3RV3MH', ip: '192.168.75.245', os.name: 'Windows 10', os.arch: 'amd64', os.version: '10.0', java.version: '11.0.12'
Driver info: org.openqa.selenium.firefox.FirefoxDriver
Command: [null, newSession {capabilities=[Capabilities {acceptInsecureCerts: true, browserName: firefox, moz:debuggerAddress: true, moz:firefoxOptions: {}}], desiredCapabilities=Capabilities {acceptInsecureCerts: true, browserName: firefox, moz:debuggerAddress: true, moz:firefoxOptions: {}}}]
at org.openqa.selenium.remote.ProtocolHandshake.createSession(ProtocolHandshake.java:126)
at org.openqa.selenium.remote.ProtocolHandshake.createSession(ProtocolHandshake.java:84)
at org.openqa.selenium.remote.ProtocolHandshake.createSession(ProtocolHandshake.java:62)
at org.openqa.selenium.remote.HttpCommandExecutor.execute(HttpCommandExecutor.java:156)
at org.openqa.selenium.remote.service.DriverCommandExecutor.invokeExecute(DriverCommandExecutor.java:167)
at org.openqa.selenium.remote.service.DriverCommandExecutor.execute(DriverCommandExecutor.java:142)
at org.openqa.selenium.remote.RemoteWebDriver.execute(RemoteWebDriver.java:558)
at org.openqa.selenium.remote.RemoteWebDriver.startSession(RemoteWebDriver.java:245)
at org.openqa.selenium.remote.RemoteWebDriver.<init>(RemoteWebDriver.java:161)
at org.openqa.selenium.firefox.FirefoxDriver.<init>(FirefoxDriver.java:137)
at org.openqa.selenium.firefox.FirefoxDriver.<init>(FirefoxDriver.java:125)
at org.openqa.selenium.firefox.FirefoxDriver.<init>(FirefoxDriver.java:106)
at com.erp.Vtiger.Base_Class.Open_Browser(Base_Class.java:56)
at java.base/java.util.ArrayList.forEach(ArrayList.java:1541)
... Removed 25 stack frames]]>
    </failure>
  </testcase> <!-- @BeforeClass Open_Browser -->
  <testcase classname="com.erp.Vtiger.Base_Class" name="@BeforeMethod login_page" time="-1.646375824312E9">
    <skipped/>
  </testcase> <!-- @BeforeMethod login_page -->
  <testcase classname="com.erp.Vtiger.Base_Class" name="@AfterMethod page_logout" time="-1.646375824335E9">
    <skipped/>
  </testcase> <!-- @AfterMethod page_logout -->
  <testcase classname="com.erp.Vtiger.Base_Class" name="@AfterClass Close_Browser" time="-1.646375824339E9">
    <skipped/>
  </testcase> <!-- @AfterClass Close_Browser -->
  <testcase classname="com.Vtiger.TC.TC002_CreateOrag_DD" name="createorg_DD" time="0.0">
    <skipped/>
  </testcase> <!-- createorg_DD -->
</testsuite> <!-- firefox -->
