<?xml version="1.0" encoding="UTF-8"?>
<!-- Generated by org.testng.reporters.JUnitXMLReporter -->
<testsuite ignored="0" hostname="DESKTOP-S3RV3MH" failures="1" tests="2" name="Test 1" time="330.5" errors="0" timestamp="2022-02-28T17:15:59 IST">
  <testcase classname="com.Vtiger.TC.TC001_CreateOrganazation" name="Create_organization" time="151.999">
    <failure type="java.lang.AssertionError" message="expected [Gutkowski-Witting] but found [Hdest]">
      <![CDATA[java.lang.AssertionError: expected [Gutkowski-Witting] but found [Hdest]
at com.Vtiger.TC.TC001_CreateOrganazation.Create_organization(TC001_CreateOrganazation.java:52)
at java.base/java.util.ArrayList.forEach(ArrayList.java:1541)
at java.base/java.util.concurrent.FutureTask.run(FutureTask.java:264)
at java.base/java.util.concurrent.ThreadPoolExecutor.runWorker(ThreadPoolExecutor.java:1128)
at java.base/java.util.concurrent.ThreadPoolExecutor$Worker.run(ThreadPoolExecutor.java:628)
at java.base/java.lang.Thread.run(Thread.java:834)
... Removed 24 stack frames]]>
    </failure>
  </testcase> <!-- Create_organization -->
  <testcase classname="com.Vtiger.TC.TC001_CreateOrganazation" name="create_organization_Test" time="20.619"/>
</testsuite> <!-- Test 1 -->
