<?xml version="1.0" encoding="UTF-8"?>
<!-- Generated by org.testng.reporters.JUnitXMLReporter -->
<testsuite ignored="7" hostname="DESKTOP-S3RV3MH" failures="0" tests="2" name="Test" time="191.547" errors="0" timestamp="2022-02-28T16:38:08 IST">
  <testcase classname="com.Vtiger.TC.TC003_CreateContact_Org" name="create_Contact_Test" time="63.29"/>
  <testcase classname="com.Vtiger.TC.TC001_CreateOrganazation" name="create_organization_Test" time="26.291"/>
  <testcase classname="com.erp.Vtiger.Base_Class" name="@BeforeSuite connection_DB" time="0.0">
    <ignored/>
  </testcase> <!-- @BeforeSuite connection_DB -->
  <testcase classname="com.erp.Vtiger.Base_Class" name="@BeforeSuite connection_DB" time="0.0">
    <ignored/>
  </testcase> <!-- @BeforeSuite connection_DB -->
  <testcase classname="com.Vtiger.TC.TC002_CreateOrag_DD" name="createorg_DD" time="0.0">
    <ignored/>
  </testcase> <!-- createorg_DD -->
  <testcase classname="com.Vtiger.TC.TC001_CreateOrganazation" name="Create_organization" time="0.0">
    <ignored/>
  </testcase> <!-- Create_organization -->
  <testcase classname="com.Vtiger.TC.TC003_CreateContact_Org" name="Create_contact_org" time="0.0">
    <ignored/>
  </testcase> <!-- Create_contact_org -->
  <testcase classname="com.erp.Vtiger.Base_Class" name="@AfterSuite disconnectDBconnection" time="0.0">
    <ignored/>
  </testcase> <!-- @AfterSuite disconnectDBconnection -->
  <testcase classname="com.erp.Vtiger.Base_Class" name="@AfterSuite disconnectDBconnection" time="0.0">
    <ignored/>
  </testcase> <!-- @AfterSuite disconnectDBconnection -->
</testsuite> <!-- Test -->
