<?xml version="1.0" encoding="UTF-8"?>
<!-- Generated by org.testng.reporters.JUnitXMLReporter -->
<testsuite ignored="3" hostname="DESKTOP-S3RV3MH" failures="0" tests="0" time="0.823" errors="0" timestamp="2022-03-11T13:11:20 IST">
  <testcase classname="com.Vtiger.TC.TC001_CreateOrganazation_Test" name="Create_organization_Test" time="0.0">
    <ignored/>
  </testcase> <!-- Create_organization_Test -->
  <testcase classname="com.Vtiger.TC.TC001_CreateOrganazation_Test" name="create_organization_Test" time="0.0">
    <ignored/>
  </testcase> <!-- create_organization_Test -->
  <testcase classname="com.Vtiger.TC.TC002_CreateOrag_DD_Test" name="createorg_DD" time="0.0">
    <ignored/>
  </testcase> <!-- createorg_DD -->
</testsuite>
