<?xml version="1.0" encoding="UTF-8"?>
<testng-results ignored="0" total="1" passed="1" failed="0" skipped="0">
  <reporter-output>
  </reporter-output>
  <suite started-at="2022-03-04T13:12:19 IST" name="Default suite" finished-at="2022-03-04T13:13:06 IST" duration-ms="46675">
    <groups>
    </groups>
    <test started-at="2022-03-04T13:12:19 IST" name="Default test" finished-at="2022-03-04T13:13:06 IST" duration-ms="46675">
      <class name="practies_TestNG_methods.TakeScreenShort">
        <test-method signature="takeScreenShort()[pri:0, instance:practies_TestNG_methods.TakeScreenShort@7bd4937b]" started-at="2022-03-04T13:12:19 IST" name="takeScreenShort" finished-at="2022-03-04T13:13:06 IST" duration-ms="46374" status="PASS">
          <reporter-output>
          </reporter-output>
        </test-method> <!-- takeScreenShort -->
      </class> <!-- practies_TestNG_methods.TakeScreenShort -->
    </test> <!-- Default test -->
  </suite> <!-- Default suite -->
</testng-results>
