<?xml version="1.0" encoding="UTF-8"?>
<testng-results ignored="0" total="1" passed="0" failed="1" skipped="0">
  <reporter-output>
    <line>
      <![CDATA[dis connect Data Base Connections]]>
    </line>
  </reporter-output>
  <suite started-at="2022-03-11T13:12:00 IST" name="Default suite" finished-at="2022-03-11T13:18:51 IST" duration-ms="410400">
    <groups>
      <group name="regration">
        <method signature="TC002_CreateOrag_DD_Test.createorg_DD()[pri:0, instance:com.Vtiger.TC.TC002_CreateOrag_DD_Test@1ed6388a]" name="createorg_DD" class="com.Vtiger.TC.TC002_CreateOrag_DD_Test"/>
      </group> <!-- regration -->
    </groups>
    <test started-at="2022-03-11T13:12:00 IST" name="Default test" finished-at="2022-03-11T13:18:51 IST" duration-ms="410400">
      <class name="com.Vtiger.TC.TC002_CreateOrag_DD_Test">
        <test-method is-config="true" signature="connection_DB()[pri:0, instance:com.Vtiger.TC.TC002_CreateOrag_DD_Test@1ed6388a]" started-at="2022-03-11T13:12:00 IST" name="connection_DB" finished-at="2022-03-11T13:12:00 IST" duration-ms="33" status="PASS">
          <reporter-output>
          </reporter-output>
        </test-method> <!-- connection_DB -->
        <test-method is-config="true" signature="Open_Browser()[pri:0, instance:com.Vtiger.TC.TC002_CreateOrag_DD_Test@1ed6388a]" started-at="2022-03-11T13:12:00 IST" name="Open_Browser" finished-at="2022-03-11T13:14:16 IST" duration-ms="135789" status="PASS">
          <reporter-output>
          </reporter-output>
        </test-method> <!-- Open_Browser -->
        <test-method is-config="true" signature="login_page()[pri:0, instance:com.Vtiger.TC.TC002_CreateOrag_DD_Test@1ed6388a]" started-at="2022-03-11T13:14:16 IST" name="login_page" finished-at="2022-03-11T13:17:12 IST" duration-ms="175942" status="PASS">
          <reporter-output>
          </reporter-output>
        </test-method> <!-- login_page -->
        <test-method signature="createorg_DD()[pri:0, instance:com.Vtiger.TC.TC002_CreateOrag_DD_Test@1ed6388a]" started-at="2022-03-11T13:17:12 IST" name="createorg_DD" finished-at="2022-03-11T13:18:25 IST" duration-ms="73236" status="FAIL">
          <exception class="org.openqa.selenium.StaleElementReferenceException">
            <message>
              <![CDATA[stale element reference: element is not attached to the page document
  (Session info: chrome=99.0.4844.51)
For documentation on this error, please visit: https://selenium.dev/exceptions/#stale_element_reference
Build info: version: '4.1.2', revision: '9a5a329c5a'
System info: host: 'DESKTOP-S3RV3MH', ip: '192.168.76.113', os.name: 'Windows 10', os.arch: 'amd64', os.version: '10.0', java.version: '11.0.12'
Driver info: org.openqa.selenium.chrome.ChromeDriver
Command: [d156f6e8d9c0b32ebeecaf21cc59735d, clickElement {id=ba8604d6-7538-4309-a7db-919b8513ed7b}]
Capabilities {acceptInsecureCerts: false, browserName: chrome, browserVersion: 99.0.4844.51, chrome: {chromedriverVersion: 99.0.4844.51 (d537ec02474b5..., userDataDir: C:\Users\DELL\AppData\Local...}, goog:chromeOptions: {debuggerAddress: localhost:60169}, javascriptEnabled: true, networkConnectionEnabled: false, pageLoadStrategy: normal, platform: WINDOWS, platformName: WINDOWS, proxy: Proxy(), se:cdp: ws://localhost:60169/devtoo..., se:cdpVersion: 99.0.4844.51, setWindowRect: true, strictFileInteractability: false, timeouts: {implicit: 0, pageLoad: 300000, script: 30000}, unhandledPromptBehavior: dismiss and notify, webauthn:extension:credBlob: true, webauthn:extension:largeBlob: true, webauthn:virtualAuthenticators: true}
Element: [[ChromeDriver: chrome on WINDOWS (d156f6e8d9c0b32ebeecaf21cc59735d)] -> xpath: //a[text()="Organizations"]]
Session ID: d156f6e8d9c0b32ebeecaf21cc59735d]]>
            </message>
            <full-stacktrace>
              <![CDATA[org.openqa.selenium.StaleElementReferenceException: stale element reference: element is not attached to the page document
  (Session info: chrome=99.0.4844.51)
For documentation on this error, please visit: https://selenium.dev/exceptions/#stale_element_reference
Build info: version: '4.1.2', revision: '9a5a329c5a'
System info: host: 'DESKTOP-S3RV3MH', ip: '192.168.76.113', os.name: 'Windows 10', os.arch: 'amd64', os.version: '10.0', java.version: '11.0.12'
Driver info: org.openqa.selenium.chrome.ChromeDriver
Command: [d156f6e8d9c0b32ebeecaf21cc59735d, clickElement {id=ba8604d6-7538-4309-a7db-919b8513ed7b}]
Capabilities {acceptInsecureCerts: false, browserName: chrome, browserVersion: 99.0.4844.51, chrome: {chromedriverVersion: 99.0.4844.51 (d537ec02474b5..., userDataDir: C:\Users\DELL\AppData\Local...}, goog:chromeOptions: {debuggerAddress: localhost:60169}, javascriptEnabled: true, networkConnectionEnabled: false, pageLoadStrategy: normal, platform: WINDOWS, platformName: WINDOWS, proxy: Proxy(), se:cdp: ws://localhost:60169/devtoo..., se:cdpVersion: 99.0.4844.51, setWindowRect: true, strictFileInteractability: false, timeouts: {implicit: 0, pageLoad: 300000, script: 30000}, unhandledPromptBehavior: dismiss and notify, webauthn:extension:credBlob: true, webauthn:extension:largeBlob: true, webauthn:virtualAuthenticators: true}
Element: [[ChromeDriver: chrome on WINDOWS (d156f6e8d9c0b32ebeecaf21cc59735d)] -> xpath: //a[text()="Organizations"]]
Session ID: d156f6e8d9c0b32ebeecaf21cc59735d
at java.base/jdk.internal.reflect.NativeConstructorAccessorImpl.newInstance0(Native Method)
at java.base/jdk.internal.reflect.NativeConstructorAccessorImpl.newInstance(NativeConstructorAccessorImpl.java:62)
at java.base/jdk.internal.reflect.DelegatingConstructorAccessorImpl.newInstance(DelegatingConstructorAccessorImpl.java:45)
at java.base/java.lang.reflect.Constructor.newInstance(Constructor.java:490)
at org.openqa.selenium.remote.codec.w3c.W3CHttpResponseCodec.createException(W3CHttpResponseCodec.java:200)
at org.openqa.selenium.remote.codec.w3c.W3CHttpResponseCodec.decode(W3CHttpResponseCodec.java:133)
at org.openqa.selenium.remote.codec.w3c.W3CHttpResponseCodec.decode(W3CHttpResponseCodec.java:53)
at org.openqa.selenium.remote.HttpCommandExecutor.execute(HttpCommandExecutor.java:184)
at org.openqa.selenium.remote.service.DriverCommandExecutor.invokeExecute(DriverCommandExecutor.java:167)
at org.openqa.selenium.remote.service.DriverCommandExecutor.execute(DriverCommandExecutor.java:142)
at org.openqa.selenium.remote.RemoteWebDriver.execute(RemoteWebDriver.java:558)
at org.openqa.selenium.remote.RemoteWebElement.execute(RemoteWebElement.java:251)
at org.openqa.selenium.remote.RemoteWebElement.click(RemoteWebElement.java:77)
at java.base/jdk.internal.reflect.NativeMethodAccessorImpl.invoke0(Native Method)
at java.base/jdk.internal.reflect.NativeMethodAccessorImpl.invoke(NativeMethodAccessorImpl.java:62)
at java.base/jdk.internal.reflect.DelegatingMethodAccessorImpl.invoke(DelegatingMethodAccessorImpl.java:43)
at java.base/java.lang.reflect.Method.invoke(Method.java:566)
at org.openqa.selenium.support.pagefactory.internal.LocatingElementHandler.invoke(LocatingElementHandler.java:52)
at com.sun.proxy.$Proxy20.click(Unknown Source)
at com.Vtiger.TC.TC002_CreateOrag_DD_Test.createorg_DD(TC002_CreateOrag_DD_Test.java:55)
at java.base/jdk.internal.reflect.NativeMethodAccessorImpl.invoke0(Native Method)
at java.base/jdk.internal.reflect.NativeMethodAccessorImpl.invoke(NativeMethodAccessorImpl.java:62)
at java.base/jdk.internal.reflect.DelegatingMethodAccessorImpl.invoke(DelegatingMethodAccessorImpl.java:43)
at java.base/java.lang.reflect.Method.invoke(Method.java:566)
at org.testng.internal.MethodInvocationHelper.invokeMethod(MethodInvocationHelper.java:133)
at org.testng.internal.TestInvoker.invokeMethod(TestInvoker.java:598)
at org.testng.internal.TestInvoker.invokeTestMethod(TestInvoker.java:173)
at org.testng.internal.MethodRunner.runInSequence(MethodRunner.java:46)
at org.testng.internal.TestInvoker$MethodInvocationAgent.invoke(TestInvoker.java:824)
at org.testng.internal.TestInvoker.invokeTestMethods(TestInvoker.java:146)
at org.testng.internal.TestMethodWorker.invokeTestMethods(TestMethodWorker.java:146)
at org.testng.internal.TestMethodWorker.run(TestMethodWorker.java:128)
at java.base/java.util.ArrayList.forEach(ArrayList.java:1541)
at org.testng.TestRunner.privateRun(TestRunner.java:794)
at org.testng.TestRunner.run(TestRunner.java:596)
at org.testng.SuiteRunner.runTest(SuiteRunner.java:377)
at org.testng.SuiteRunner.runSequentially(SuiteRunner.java:371)
at org.testng.SuiteRunner.privateRun(SuiteRunner.java:332)
at org.testng.SuiteRunner.run(SuiteRunner.java:276)
at org.testng.SuiteRunnerWorker.runSuite(SuiteRunnerWorker.java:53)
at org.testng.SuiteRunnerWorker.run(SuiteRunnerWorker.java:96)
at org.testng.TestNG.runSuitesSequentially(TestNG.java:1212)
at org.testng.TestNG.runSuitesLocally(TestNG.java:1134)
at org.testng.TestNG.runSuites(TestNG.java:1063)
at org.testng.TestNG.run(TestNG.java:1031)
at org.testng.remote.AbstractRemoteTestNG.run(AbstractRemoteTestNG.java:115)
at org.testng.remote.RemoteTestNG.initAndRun(RemoteTestNG.java:251)
at org.testng.remote.RemoteTestNG.main(RemoteTestNG.java:77)
]]>
            </full-stacktrace>
          </exception> <!-- org.openqa.selenium.StaleElementReferenceException -->
          <reporter-output>
          </reporter-output>
        </test-method> <!-- createorg_DD -->
        <test-method is-config="true" signature="page_logout()[pri:0, instance:com.Vtiger.TC.TC002_CreateOrag_DD_Test@1ed6388a]" started-at="2022-03-11T13:18:25 IST" name="page_logout" finished-at="2022-03-11T13:18:39 IST" duration-ms="13565" status="PASS">
          <reporter-output>
          </reporter-output>
        </test-method> <!-- page_logout -->
        <test-method is-config="true" signature="Close_Browser()[pri:0, instance:com.Vtiger.TC.TC002_CreateOrag_DD_Test@1ed6388a]" started-at="2022-03-11T13:18:39 IST" name="Close_Browser" finished-at="2022-03-11T13:18:51 IST" duration-ms="11699" status="PASS">
          <reporter-output>
          </reporter-output>
        </test-method> <!-- Close_Browser -->
        <test-method is-config="true" signature="disconnectDBconnection()[pri:0, instance:com.Vtiger.TC.TC002_CreateOrag_DD_Test@1ed6388a]" started-at="2022-03-11T13:18:52 IST" name="disconnectDBconnection" finished-at="2022-03-11T13:18:52 IST" duration-ms="2" status="PASS">
          <reporter-output>
            <line>
              <![CDATA[dis connect Data Base Connections]]>
            </line>
          </reporter-output>
        </test-method> <!-- disconnectDBconnection -->
      </class> <!-- com.Vtiger.TC.TC002_CreateOrag_DD_Test -->
    </test> <!-- Default test -->
  </suite> <!-- Default suite -->
</testng-results>
